<?xml version="1.0" encoding="UTF-8"?>
<!-- Generated by org.testng.reporters.JUnitXMLReporter -->
<testsuite hostname="Shiv-PC" name="seekLandingPage" tests="2" failures="2" timestamp="18 Sep 2016 11:05:00 GMT" time="111.815" errors="0">
  <testcase name="testLandingPageBasic" time="0.14" classname="testSuite.seekLandingPage">
    <failure type="java.lang.AssertionError" message="expected [SEEK   - Australia&amp;apos;s no. 1 jobs, employment, career and recruitment site] but found [SEEK - Australia&amp;apos;s no. 1 jobs, employment, career and recruitment site]">
      <![CDATA[java.lang.AssertionError: expected [SEEK   - Australia's no. 1 jobs, employment, career and recruitment site] but found [SEEK - Australia's no. 1 jobs, employment, career and recruitment site]
	at testSuite.seekLandingPage.testLandingPageBasic(seekLandingPage.java:53)
	at java.util.concurrent.FutureTask.run(Unknown Source)
	at java.util.concurrent.ThreadPoolExecutor.runWorker(Unknown Source)
	at java.util.concurrent.ThreadPoolExecutor$Worker.run(Unknown Source)
	at java.lang.Thread.run(Unknown Source)
... Removed 21 stack frames]]>
    </failure>
  </testcase> <!-- testLandingPageBasic -->
  <testcase name="testLandingPageHeader" time="0.062" classname="testSuite.seekLandingPage">
    <failure type="java.lang.AssertionError" message="expected [SEEK   - Australia&amp;apos;s no. 1 jobs, employment, career and recruitment site] but found [SEEK - Australia&amp;apos;s no. 1 jobs, employment, career and recruitment site]">
      <![CDATA[java.lang.AssertionError: expected [SEEK   - Australia's no. 1 jobs, employment, career and recruitment site] but found [SEEK - Australia's no. 1 jobs, employment, career and recruitment site]
	at testSuite.seekLandingPage.testLandingPageHeader(seekLandingPage.java:71)
	at java.util.concurrent.FutureTask.run(Unknown Source)
	at java.util.concurrent.ThreadPoolExecutor.runWorker(Unknown Source)
	at java.util.concurrent.ThreadPoolExecutor$Worker.run(Unknown Source)
	at java.lang.Thread.run(Unknown Source)
... Removed 21 stack frames]]>
    </failure>
  </testcase> <!-- testLandingPageHeader -->
</testsuite> <!-- seekLandingPage -->
